TN:
SF:src\modules\appointments\services\CreateAppointmentsServices.ts
FN:13,(anonymous_18)
FN:14,CreateAppointmentsServices
FN:19,(anonymous_20)
FNF:3
FNH:3
FNDA:1,(anonymous_18)
FNDA:1,CreateAppointmentsServices
FNDA:2,(anonymous_20)
DA:1,1
DA:2,1
DA:5,1
DA:13,1
DA:16,1
DA:19,1
DA:20,2
DA:21,2
DA:23,2
DA:25,2
DA:29,2
DA:31,1
DA:36,1
DA:38,1
DA:40,1
LF:15
LH:15
BRDA:29,0,0,1
BRDA:29,0,1,1
BRF:2
BRH:2
end_of_record
TN:
SF:src\modules\users\services\AuthenticateUserServices.ts
FN:22,(anonymous_18)
FN:23,AuthenticateUserServices
FN:30,(anonymous_20)
FNF:3
FNH:3
FNDA:1,(anonymous_18)
FNDA:1,AuthenticateUserServices
FNDA:3,(anonymous_20)
DA:1,1
DA:3,1
DA:5,1
DA:7,1
DA:22,1
DA:25,1
DA:27,1
DA:30,3
DA:31,3
DA:33,3
DA:35,2
DA:40,2
DA:41,1
DA:43,1
DA:45,1
DA:50,1
DA:52,1
DA:54,1
LF:18
LH:18
BRDA:31,0,0,3
BRDA:33,1,0,1
BRDA:33,1,1,2
BRDA:40,2,0,1
BRDA:40,2,1,1
BRF:5
BRH:5
end_of_record
TN:
SF:src\modules\users\services\CreateUsersServices.ts
FN:11,(anonymous_18)
FN:12,CreateUsersServices
FN:19,(anonymous_20)
FNF:3
FNH:3
FNDA:3,(anonymous_18)
FNDA:3,CreateUsersServices
FNDA:4,(anonymous_20)
DA:1,3
DA:3,3
DA:11,3
DA:14,3
DA:16,3
DA:19,3
DA:20,4
DA:21,4
DA:22,4
DA:24,4
DA:26,4
DA:28,3
DA:29,3
DA:35,3
DA:37,3
DA:39,3
LF:16
LH:16
BRDA:24,0,0,4
BRDA:26,1,0,1
BRDA:26,1,1,3
BRF:3
BRH:3
end_of_record
TN:
SF:src\modules\users\services\UploadAvatarUserServices.ts
FN:14,(anonymous_18)
FN:15,UploadAvatarUserServices
FN:22,(anonymous_20)
FNF:3
FNH:3
FNDA:1,(anonymous_18)
FNDA:1,UploadAvatarUserServices
FNDA:3,(anonymous_20)
DA:1,1
DA:5,1
DA:14,1
DA:17,1
DA:19,1
DA:22,1
DA:23,3
DA:24,3
DA:26,3
DA:28,3
DA:30,3
DA:31,2
DA:33,2
DA:35,2
DA:37,4
DA:38,2
DA:40,1
DA:42,1
LF:18
LH:18
BRDA:26,0,0,3
BRDA:26,0,1,2
BRDA:28,1,0,1
BRDA:28,1,1,2
BRDA:30,2,0,1
BRDA:30,2,1,1
BRF:6
BRH:6
end_of_record
